Determining if the pthread_create exist failed with the following output:
Change Dir: /home/piotr/Piotr/IGF/libcloudphxx/models/kinematic_2D/build/CMakeFiles/CMakeTmp

Run Build Command:"/usr/bin/make" "cmTC_53604/fast"
/usr/bin/make -f CMakeFiles/cmTC_53604.dir/build.make CMakeFiles/cmTC_53604.dir/build
make[1]: Entering directory '/home/piotr/Piotr/IGF/libcloudphxx/models/kinematic_2D/build/CMakeFiles/CMakeTmp'
Building C object CMakeFiles/cmTC_53604.dir/CheckSymbolExists.c.o
/usr/bin/cc    -o CMakeFiles/cmTC_53604.dir/CheckSymbolExists.c.o   -c /home/piotr/Piotr/IGF/libcloudphxx/models/kinematic_2D/build/CMakeFiles/CMakeTmp/CheckSymbolExists.c
Linking C executable cmTC_53604
/usr/local/bin/cmake -E cmake_link_script CMakeFiles/cmTC_53604.dir/link.txt --verbose=1
/usr/bin/cc      -rdynamic CMakeFiles/cmTC_53604.dir/CheckSymbolExists.c.o  -o cmTC_53604 
CMakeFiles/cmTC_53604.dir/CheckSymbolExists.c.o: In function `main':
CheckSymbolExists.c:(.text+0x1b): undefined reference to `pthread_create'
collect2: error: ld returned 1 exit status
CMakeFiles/cmTC_53604.dir/build.make:86: recipe for target 'cmTC_53604' failed
make[1]: *** [cmTC_53604] Error 1
make[1]: Leaving directory '/home/piotr/Piotr/IGF/libcloudphxx/models/kinematic_2D/build/CMakeFiles/CMakeTmp'
Makefile:121: recipe for target 'cmTC_53604/fast' failed
make: *** [cmTC_53604/fast] Error 2

File /home/piotr/Piotr/IGF/libcloudphxx/models/kinematic_2D/build/CMakeFiles/CMakeTmp/CheckSymbolExists.c:
/* */
#include <pthread.h>

int main(int argc, char** argv)
{
  (void)argv;
#ifndef pthread_create
  return ((int*)(&pthread_create))[argc];
#else
  (void)argc;
  return 0;
#endif
}

Determining if the function pthread_create exists in the pthreads failed with the following output:
Change Dir: /home/piotr/Piotr/IGF/libcloudphxx/models/kinematic_2D/build/CMakeFiles/CMakeTmp

Run Build Command:"/usr/bin/make" "cmTC_1850f/fast"
/usr/bin/make -f CMakeFiles/cmTC_1850f.dir/build.make CMakeFiles/cmTC_1850f.dir/build
make[1]: Entering directory '/home/piotr/Piotr/IGF/libcloudphxx/models/kinematic_2D/build/CMakeFiles/CMakeTmp'
Building C object CMakeFiles/cmTC_1850f.dir/CheckFunctionExists.c.o
/usr/bin/cc   -DCHECK_FUNCTION_EXISTS=pthread_create   -o CMakeFiles/cmTC_1850f.dir/CheckFunctionExists.c.o   -c /usr/local/share/cmake-3.13/Modules/CheckFunctionExists.c
Linking C executable cmTC_1850f
/usr/local/bin/cmake -E cmake_link_script CMakeFiles/cmTC_1850f.dir/link.txt --verbose=1
/usr/bin/cc  -DCHECK_FUNCTION_EXISTS=pthread_create    -rdynamic CMakeFiles/cmTC_1850f.dir/CheckFunctionExists.c.o  -o cmTC_1850f -lpthreads 
/usr/bin/ld: cannot find -lpthreads
collect2: error: ld returned 1 exit status
CMakeFiles/cmTC_1850f.dir/build.make:86: recipe for target 'cmTC_1850f' failed
make[1]: *** [cmTC_1850f] Error 1
make[1]: Leaving directory '/home/piotr/Piotr/IGF/libcloudphxx/models/kinematic_2D/build/CMakeFiles/CMakeTmp'
Makefile:121: recipe for target 'cmTC_1850f/fast' failed
make: *** [cmTC_1850f/fast] Error 2


